2019-06-11 18:17:15.825  INFO 10576 --- [main] c.i.IntuitProductSignUpApiApplication    : Starting IntuitProductSignUpApiApplication on DESKTOP-QH1O9JV with PID 10576 (C:\Users\ayoba\eclipse-workspace\IntuitProductSignUpAPI\target\classes started by ayoba in C:\Users\ayoba\eclipse-workspace\IntuitProductSignUpAPI)
2019-06-11 18:17:15.835  INFO 10576 --- [main] c.i.IntuitProductSignUpApiApplication    : No active profile set, falling back to default profiles: default
2019-06-11 18:17:17.094  INFO 10576 --- [main] .s.d.r.c.RepositoryConfigurationDelegate : Bootstrapping Spring Data repositories in DEFAULT mode.
2019-06-11 18:17:17.206  INFO 10576 --- [main] .s.d.r.c.RepositoryConfigurationDelegate : Finished Spring Data repository scanning in 93ms. Found 2 repository interfaces.
2019-06-11 18:17:18.118  INFO 10576 --- [main] trationDelegate$BeanPostProcessorChecker : Bean 'org.springframework.transaction.annotation.ProxyTransactionManagementConfiguration' of type [org.springframework.transaction.annotation.ProxyTransactionManagementConfiguration$$EnhancerBySpringCGLIB$$79314bca] is not eligible for getting processed by all BeanPostProcessors (for example: not eligible for auto-proxying)
2019-06-11 18:17:18.682  INFO 10576 --- [main] o.s.b.w.embedded.tomcat.TomcatWebServer  : Tomcat initialized with port(s): 8080 (http)
2019-06-11 18:17:18.731  INFO 10576 --- [main] o.apache.catalina.core.StandardService   : Starting service [Tomcat]
2019-06-11 18:17:18.734  INFO 10576 --- [main] org.apache.catalina.core.StandardEngine  : Starting Servlet engine: [Apache Tomcat/9.0.19]
2019-06-11 18:17:18.959  INFO 10576 --- [main] o.a.c.c.C.[Tomcat].[localhost].[/]       : Initializing Spring embedded WebApplicationContext
2019-06-11 18:17:18.960  INFO 10576 --- [main] o.s.web.context.ContextLoader            : Root WebApplicationContext: initialization completed in 2993 ms
2019-06-11 18:17:19.284  INFO 10576 --- [main] com.zaxxer.hikari.HikariDataSource       : HikariPool-1 - Starting...
2019-06-11 18:17:19.484  INFO 10576 --- [main] com.zaxxer.hikari.HikariDataSource       : HikariPool-1 - Start completed.
2019-06-11 18:17:19.586  INFO 10576 --- [main] o.hibernate.jpa.internal.util.LogHelper  : HHH000204: Processing PersistenceUnitInfo [
	name: default
	...]
2019-06-11 18:17:19.861  INFO 10576 --- [main] org.hibernate.Version                    : HHH000412: Hibernate Core {5.3.10.Final}
2019-06-11 18:17:19.863  INFO 10576 --- [main] org.hibernate.cfg.Environment            : HHH000206: hibernate.properties not found
2019-06-11 18:17:20.167  INFO 10576 --- [main] o.hibernate.annotations.common.Version   : HCANN000001: Hibernate Commons Annotations {5.0.4.Final}
2019-06-11 18:17:20.528  INFO 10576 --- [main] org.hibernate.dialect.Dialect            : HHH000400: Using dialect: org.hibernate.dialect.H2Dialect
2019-06-11 18:17:20.944  WARN 10576 --- [main] org.hibernate.mapping.RootClass          : HHH000038: Composite-id class does not override equals(): com.intuitproductsignupapi.dto.Payment$PaymentId
2019-06-11 18:17:20.944  WARN 10576 --- [main] org.hibernate.mapping.RootClass          : HHH000039: Composite-id class does not override hashCode(): com.intuitproductsignupapi.dto.Payment$PaymentId
2019-06-11 18:17:20.944  WARN 10576 --- [main] org.hibernate.mapping.RootClass          : HHH000038: Composite-id class does not override equals(): com.intuitproductsignupapi.dto.User$UserId
2019-06-11 18:17:20.947  WARN 10576 --- [main] org.hibernate.mapping.RootClass          : HHH000039: Composite-id class does not override hashCode(): com.intuitproductsignupapi.dto.User$UserId
2019-06-11 18:17:21.846  INFO 10576 --- [main] o.h.t.schema.internal.SchemaCreatorImpl  : HHH000476: Executing import script 'org.hibernate.tool.schema.internal.exec.ScriptSourceInputNonExistentImpl@2a47597'
2019-06-11 18:17:21.853  INFO 10576 --- [main] j.LocalContainerEntityManagerFactoryBean : Initialized JPA EntityManagerFactory for persistence unit 'default'
2019-06-11 18:17:23.094  INFO 10576 --- [main] o.s.s.concurrent.ThreadPoolTaskExecutor  : Initializing ExecutorService 'applicationTaskExecutor'
2019-06-11 18:17:23.194  WARN 10576 --- [main] aWebConfiguration$JpaWebMvcConfiguration : spring.jpa.open-in-view is enabled by default. Therefore, database queries may be performed during view rendering. Explicitly configure spring.jpa.open-in-view to disable this warning
2019-06-11 18:17:23.262  WARN 10576 --- [main] ConfigServletWebServerApplicationContext : Exception encountered during context initialization - cancelling refresh attempt: org.springframework.beans.factory.BeanCreationException: Error creating bean with name 'requestMappingHandlerMapping' defined in class path resource [org/springframework/boot/autoconfigure/web/servlet/WebMvcAutoConfiguration$EnableWebMvcConfiguration.class]: Invocation of init method failed; nested exception is java.lang.IllegalStateException: Ambiguous mapping. Cannot map 'paymentController' method 
public com.intuitproductsignupapi.dto.Payment com.intuitproductsignupapi.controller.PaymentController.getPaymentInfo(long)
to {GET /productsignupapi/getPaymentDetails}: There is already 'orchestrationController' bean method
public com.intuitproductsignupapi.dto.Payment com.intuitproductsignupapi.controller.OrchestrationController.getPaymentInfo(long) mapped.
2019-06-11 18:17:23.266  INFO 10576 --- [main] o.s.s.concurrent.ThreadPoolTaskExecutor  : Shutting down ExecutorService 'applicationTaskExecutor'
2019-06-11 18:17:23.268  INFO 10576 --- [main] j.LocalContainerEntityManagerFactoryBean : Closing JPA EntityManagerFactory for persistence unit 'default'
2019-06-11 18:17:23.277  INFO 10576 --- [main] com.zaxxer.hikari.HikariDataSource       : HikariPool-1 - Shutdown initiated...
2019-06-11 18:17:23.285  INFO 10576 --- [main] com.zaxxer.hikari.HikariDataSource       : HikariPool-1 - Shutdown completed.
2019-06-11 18:17:23.289  INFO 10576 --- [main] o.apache.catalina.core.StandardService   : Stopping service [Tomcat]
2019-06-11 18:17:23.314  INFO 10576 --- [main] ConditionEvaluationReportLoggingListener : 

Error starting ApplicationContext. To display the conditions report re-run your application with 'debug' enabled.
2019-06-11 18:17:23.338 ERROR 10576 --- [main] o.s.boot.SpringApplication               : Application run failed

org.springframework.beans.factory.BeanCreationException: Error creating bean with name 'requestMappingHandlerMapping' defined in class path resource [org/springframework/boot/autoconfigure/web/servlet/WebMvcAutoConfiguration$EnableWebMvcConfiguration.class]: Invocation of init method failed; nested exception is java.lang.IllegalStateException: Ambiguous mapping. Cannot map 'paymentController' method 
public com.intuitproductsignupapi.dto.Payment com.intuitproductsignupapi.controller.PaymentController.getPaymentInfo(long)
to {GET /productsignupapi/getPaymentDetails}: There is already 'orchestrationController' bean method
public com.intuitproductsignupapi.dto.Payment com.intuitproductsignupapi.controller.OrchestrationController.getPaymentInfo(long) mapped.
	at org.springframework.beans.factory.support.AbstractAutowireCapableBeanFactory.initializeBean(AbstractAutowireCapableBeanFactory.java:1778)
	at org.springframework.beans.factory.support.AbstractAutowireCapableBeanFactory.doCreateBean(AbstractAutowireCapableBeanFactory.java:593)
	at org.springframework.beans.factory.support.AbstractAutowireCapableBeanFactory.createBean(AbstractAutowireCapableBeanFactory.java:515)
	at org.springframework.beans.factory.support.AbstractBeanFactory.lambda$doGetBean$0(AbstractBeanFactory.java:320)
	at org.springframework.beans.factory.support.DefaultSingletonBeanRegistry.getSingleton(DefaultSingletonBeanRegistry.java:222)
	at org.springframework.beans.factory.support.AbstractBeanFactory.doGetBean(AbstractBeanFactory.java:318)
	at org.springframework.beans.factory.support.AbstractBeanFactory.getBean(AbstractBeanFactory.java:199)
	at org.springframework.beans.factory.support.DefaultListableBeanFactory.preInstantiateSingletons(DefaultListableBeanFactory.java:843)
	at org.springframework.context.support.AbstractApplicationContext.finishBeanFactoryInitialization(AbstractApplicationContext.java:877)
	at org.springframework.context.support.AbstractApplicationContext.refresh(AbstractApplicationContext.java:549)
	at org.springframework.boot.web.servlet.context.ServletWebServerApplicationContext.refresh(ServletWebServerApplicationContext.java:142)
	at org.springframework.boot.SpringApplication.refresh(SpringApplication.java:775)
	at org.springframework.boot.SpringApplication.refreshContext(SpringApplication.java:397)
	at org.springframework.boot.SpringApplication.run(SpringApplication.java:316)
	at org.springframework.boot.SpringApplication.run(SpringApplication.java:1260)
	at org.springframework.boot.SpringApplication.run(SpringApplication.java:1248)
	at com.intuitproductsignupapi.IntuitProductSignUpApiApplication.main(IntuitProductSignUpApiApplication.java:24)
Caused by: java.lang.IllegalStateException: Ambiguous mapping. Cannot map 'paymentController' method 
public com.intuitproductsignupapi.dto.Payment com.intuitproductsignupapi.controller.PaymentController.getPaymentInfo(long)
to {GET /productsignupapi/getPaymentDetails}: There is already 'orchestrationController' bean method
public com.intuitproductsignupapi.dto.Payment com.intuitproductsignupapi.controller.OrchestrationController.getPaymentInfo(long) mapped.
	at org.springframework.web.servlet.handler.AbstractHandlerMethodMapping$MappingRegistry.assertUniqueMethodMapping(AbstractHandlerMethodMapping.java:618)
	at org.springframework.web.servlet.handler.AbstractHandlerMethodMapping$MappingRegistry.register(AbstractHandlerMethodMapping.java:586)
	at org.springframework.web.servlet.handler.AbstractHandlerMethodMapping.registerHandlerMethod(AbstractHandlerMethodMapping.java:312)
	at org.springframework.web.servlet.handler.AbstractHandlerMethodMapping.lambda$detectHandlerMethods$1(AbstractHandlerMethodMapping.java:282)
	at java.util.LinkedHashMap.forEach(Unknown Source)
	at org.springframework.web.servlet.handler.AbstractHandlerMethodMapping.detectHandlerMethods(AbstractHandlerMethodMapping.java:280)
	at org.springframework.web.servlet.handler.AbstractHandlerMethodMapping.processCandidateBean(AbstractHandlerMethodMapping.java:252)
	at org.springframework.web.servlet.handler.AbstractHandlerMethodMapping.initHandlerMethods(AbstractHandlerMethodMapping.java:211)
	at org.springframework.web.servlet.handler.AbstractHandlerMethodMapping.afterPropertiesSet(AbstractHandlerMethodMapping.java:199)
	at org.springframework.web.servlet.mvc.method.annotation.RequestMappingHandlerMapping.afterPropertiesSet(RequestMappingHandlerMapping.java:164)
	at org.springframework.beans.factory.support.AbstractAutowireCapableBeanFactory.invokeInitMethods(AbstractAutowireCapableBeanFactory.java:1837)
	at org.springframework.beans.factory.support.AbstractAutowireCapableBeanFactory.initializeBean(AbstractAutowireCapableBeanFactory.java:1774)
	... 16 common frames omitted

